[2025-04-15 09:44:12,001]:  User 'admin' logged in
[2025-04-15 09:47:28,534]:  User 'admin' logged in
[2025-04-15 09:47:54,281]:  User 'admin' logged in
[2025-04-15 09:48:06,919]:  User 'admin' logged in
[2025-04-15 09:48:22,217]:  User 'admin' logged in
[2025-04-15 15:40:44,799]:  User 'admin' logged in
[2025-04-15 15:43:35,010]:  User 'admin' logged in
[2025-04-15 15:48:00,057]:  User 'admin' logged in
[2025-04-15 15:53:54,492]:  User 'admin' logged in
[2025-04-15 15:55:46,430]:  User 'admin' logged in
[2025-04-15 15:56:05,292]:  User 'admin' logged in
[2025-04-15 15:57:27,758]:  User 'admin' logged in
[2025-04-15 16:31:27,713]:  User: 'admin' updated item: LG Self Locking Retaining Ring
[2025-04-15 16:45:04,730]:  User '{username}' incremented '{data['name']} {data['size']}' by {data['num']}
[2025-04-15 16:45:08,229]:  User '{username}' incremented '{data['name']} {data['size']}' by {data['num']}
[2025-04-15 16:45:08,805]:  User '{username}' incremented '{data['name']} {data['size']}' by {data['num']}
[2025-04-15 16:45:09,113]:  User '{username}' incremented '{data['name']} {data['size']}' by {data['num']}
[2025-04-15 16:50:56,210]:  User '{username}' incremented '{data['name']} {data['size']}' by {data['num']}
[2025-04-15 16:50:57,458]:  User 'admin' decremented 'Self Locking Retaining Ring SM' by 4
[2025-04-15 16:50:59,031]:  User 'admin' decremented 'Self Locking Retaining Ring LG' by 4
[2025-04-15 16:50:59,787]:  User 'admin' decremented 'Flat Washer 7/16' by 4
[2025-04-15 16:51:08,754]:  User 'admin' decremented 'Flat Washer 7/16' by 0
[2025-04-15 16:51:08,918]:  User 'admin' decremented 'Flat Washer 7/16' by 0
[2025-04-15 16:51:09,114]:  User 'admin' decremented 'Flat Washer 7/16' by 0
[2025-04-15 16:51:09,195]:  User 'admin' decremented 'Flat Washer 7/16' by 0
[2025-04-15 16:51:09,255]:  User 'admin' decremented 'Flat Washer 7/16' by 0
[2025-04-15 16:51:09,352]:  User 'admin' decremented 'Flat Washer 7/16' by 0
[2025-04-15 16:51:09,751]:  User 'admin' decremented 'Flat Washer 7/16' by 0
[2025-04-15 16:51:09,842]:  User 'admin' decremented 'Flat Washer 7/16' by 0
[2025-04-15 16:51:10,111]:  User 'admin' decremented 'Flat Washer 7/16' by 0
[2025-04-15 16:51:13,698]:  User 'admin' decremented 'Flat Washer 7/16' by 1000
[2025-04-15 16:51:13,862]:  User 'admin' decremented 'Flat Washer 7/16' by 1000
[2025-04-15 16:51:14,007]:  User 'admin' decremented 'Flat Washer 7/16' by 1000
[2025-04-15 16:51:14,146]:  User 'admin' decremented 'Flat Washer 7/16' by 1000
[2025-04-15 16:51:14,302]:  User 'admin' decremented 'Flat Washer 7/16' by 1000
[2025-04-15 16:51:14,449]:  User 'admin' decremented 'Flat Washer 7/16' by 1000
[2025-04-15 16:51:14,594]:  User 'admin' decremented 'Flat Washer 7/16' by 1000
[2025-04-15 16:51:14,743]:  User 'admin' decremented 'Flat Washer 7/16' by 1000
[2025-04-15 16:51:14,882]:  User 'admin' decremented 'Flat Washer 7/16' by 1000
[2025-04-15 16:51:15,018]:  User 'admin' decremented 'Flat Washer 7/16' by 1000
[2025-04-15 16:51:15,909]:  User 'admin' decremented 'Flat Washer 7/16' by 1000
[2025-04-15 16:51:16,060]:  User 'admin' decremented 'Flat Washer 7/16' by 1000
[2025-04-15 16:51:16,211]:  User 'admin' decremented 'Flat Washer 7/16' by 1000
[2025-04-15 16:51:16,355]:  User 'admin' decremented 'Flat Washer 7/16' by 1000
[2025-04-15 16:51:16,506]:  User 'admin' decremented 'Flat Washer 7/16' by 1000
[2025-04-15 16:51:16,667]:  User 'admin' decremented 'Flat Washer 7/16' by 1000
[2025-04-15 16:51:16,816]:  User 'admin' decremented 'Flat Washer 7/16' by 1000
[2025-04-15 16:51:16,975]:  User 'admin' decremented 'Flat Washer 7/16' by 1000
[2025-04-15 16:51:17,134]:  User 'admin' decremented 'Flat Washer 7/16' by 1000
[2025-04-15 16:51:17,279]:  User 'admin' decremented 'Flat Washer 7/16' by 1000
[2025-04-15 16:51:17,457]:  User 'admin' decremented 'Flat Washer 7/16' by 1000
[2025-04-15 16:51:17,629]:  User 'admin' decremented 'Flat Washer 7/16' by 1000
[2025-04-15 16:51:17,788]:  User 'admin' decremented 'Flat Washer 7/16' by 1000
[2025-04-15 16:51:17,932]:  User 'admin' decremented 'Flat Washer 7/16' by 1000
[2025-04-15 16:51:18,078]:  User 'admin' decremented 'Flat Washer 7/16' by 1000
[2025-04-15 22:52:56,345]:  User '{username}' incremented '{data['name']} {data['size']}' by {data['num']}
[2025-04-15 22:52:57,106]:  User 'admin' decremented 'Self Locking Retaining Ring SM' by 10
[2025-04-15 22:52:58,533]:  User '{username}' incremented '{data['name']} {data['size']}' by {data['num']}
[2025-04-15 22:52:59,236]:  User 'admin' decremented 'Self Locking Retaining Ring SM' by 10
