INFO:werkzeug:[31m[1mWARNING: This is a development server. Do not use it in a production deployment. Use a production WSGI server instead.[0m
 * Running on http://127.0.0.1:3000
INFO:werkzeug:[33mPress CTRL+C to quit[0m
INFO:werkzeug: * Restarting with stat
WARNING:werkzeug: * Debugger is active!
INFO:werkzeug: * Debugger PIN: 103-901-504
DEBUG:api:No items found
INFO:werkzeug:127.0.0.1 - - [06/Mar/2025 10:15:02] "GET /fuzzyfind?name=1&is_metric=true&size=2 HTTP/1.1" 200 -
INFO:werkzeug: * Detected change in '/Users/thomas/Library/CloudStorage/OneDrive-SNHU/25SPDAY/CS340/CS340/src/api.py', reloading
INFO:werkzeug: * Restarting with stat
WARNING:werkzeug: * Debugger is active!
INFO:werkzeug: * Debugger PIN: 103-901-504
INFO:werkzeug: * Detected change in '/Users/thomas/Library/CloudStorage/OneDrive-SNHU/25SPDAY/CS340/CS340/src/api.py', reloading
INFO:werkzeug: * Restarting with stat
WARNING:werkzeug: * Debugger is active!
INFO:werkzeug: * Debugger PIN: 103-901-504
INFO:werkzeug: * Detected change in '/Users/thomas/Library/CloudStorage/OneDrive-SNHU/25SPDAY/CS340/CS340/src/api.py', reloading
INFO:werkzeug: * Restarting with stat
WARNING:werkzeug: * Debugger is active!
INFO:werkzeug: * Debugger PIN: 103-901-504
INFO:werkzeug: * Detected change in '/Users/thomas/Library/CloudStorage/OneDrive-SNHU/25SPDAY/CS340/CS340/src/api.py', reloading
INFO:werkzeug: * Restarting with stat
WARNING:werkzeug: * Debugger is active!
INFO:werkzeug: * Debugger PIN: 103-901-504
INFO:werkzeug: * Detected change in '/Users/thomas/Library/CloudStorage/OneDrive-SNHU/25SPDAY/CS340/CS340/src/api.py', reloading
INFO:werkzeug: * Restarting with stat
WARNING:werkzeug: * Debugger is active!
INFO:werkzeug: * Debugger PIN: 103-901-504
INFO:werkzeug: * Detected change in '/Users/thomas/Library/CloudStorage/OneDrive-SNHU/25SPDAY/CS340/CS340/src/api.py', reloading
INFO:werkzeug: * Restarting with stat
WARNING:werkzeug: * Debugger is active!
INFO:werkzeug: * Debugger PIN: 103-901-504
INFO:werkzeug: * Detected change in '/Users/thomas/Library/CloudStorage/OneDrive-SNHU/25SPDAY/CS340/CS340/src/api.py', reloading
INFO:werkzeug: * Restarting with stat
WARNING:werkzeug: * Debugger is active!
INFO:werkzeug: * Debugger PIN: 103-901-504
INFO:werkzeug: * Detected change in '/Users/thomas/Library/CloudStorage/OneDrive-SNHU/25SPDAY/CS340/CS340/src/api.py', reloading
INFO:werkzeug: * Restarting with stat
WARNING:werkzeug: * Debugger is active!
INFO:werkzeug: * Debugger PIN: 103-901-504
INFO:werkzeug: * Detected change in '/Users/thomas/Library/CloudStorage/OneDrive-SNHU/25SPDAY/CS340/CS340/src/api.py', reloading
INFO:werkzeug: * Restarting with stat
WARNING:werkzeug: * Debugger is active!
INFO:werkzeug: * Debugger PIN: 103-901-504
INFO:werkzeug: * Detected change in '/Users/thomas/Library/CloudStorage/OneDrive-SNHU/25SPDAY/CS340/CS340/src/api.py', reloading
INFO:werkzeug: * Restarting with stat
WARNING:werkzeug: * Debugger is active!
INFO:werkzeug: * Debugger PIN: 103-901-504
INFO:werkzeug: * Detected change in '/Users/thomas/Library/CloudStorage/OneDrive-SNHU/25SPDAY/CS340/CS340/src/api.py', reloading
INFO:werkzeug: * Restarting with stat
WARNING:werkzeug: * Debugger is active!
INFO:werkzeug: * Debugger PIN: 103-901-504
INFO:werkzeug: * Detected change in '/Users/thomas/Library/CloudStorage/OneDrive-SNHU/25SPDAY/CS340/CS340/src/api.py', reloading
INFO:werkzeug: * Restarting with stat
WARNING:werkzeug: * Debugger is active!
INFO:werkzeug: * Debugger PIN: 103-901-504
INFO:werkzeug: * Detected change in '/Users/thomas/Library/CloudStorage/OneDrive-SNHU/25SPDAY/CS340/CS340/src/api.py', reloading
INFO:werkzeug: * Restarting with stat
WARNING:werkzeug: * Debugger is active!
INFO:werkzeug: * Debugger PIN: 103-901-504
DEBUG:api:No items found
INFO:werkzeug:127.0.0.1 - - [06/Mar/2025 10:21:24] "GET /fuzzyfind?name=1&is_metric=true&size=2 HTTP/1.1" 200 -
INFO:werkzeug: * Detected change in '/Users/thomas/Library/CloudStorage/OneDrive-SNHU/25SPDAY/CS340/CS340/src/app.py', reloading
INFO:werkzeug: * Restarting with stat
WARNING:werkzeug: * Debugger is active!
INFO:werkzeug: * Debugger PIN: 103-901-504
INFO:werkzeug: * Detected change in '/Users/thomas/Library/CloudStorage/OneDrive-SNHU/25SPDAY/CS340/CS340/src/app.py', reloading
INFO:werkzeug: * Restarting with stat
WARNING:werkzeug: * Debugger is active!
INFO:werkzeug: * Debugger PIN: 103-901-504
INFO:werkzeug:[31m[1mWARNING: This is a development server. Do not use it in a production deployment. Use a production WSGI server instead.[0m
 * Running on http://127.0.0.1:3000
INFO:werkzeug:[33mPress CTRL+C to quit[0m
INFO:werkzeug: * Restarting with stat
WARNING:werkzeug: * Debugger is active!
INFO:werkzeug: * Debugger PIN: 103-901-504
DEBUG:api:No items found
INFO:werkzeug:127.0.0.1 - - [06/Mar/2025 10:29:06] "GET /fuzzyfind?name=1&is_metric=true&size=2 HTTP/1.1" 200 -
DEBUG:api:No items found
INFO:werkzeug:127.0.0.1 - - [06/Mar/2025 10:29:16] "GET /findAll HTTP/1.1" 200 -
DEBUG:api:No items found
INFO:werkzeug:127.0.0.1 - - [06/Mar/2025 10:29:16] "GET /findAll HTTP/1.1" 200 -
DEBUG:api:No items found
INFO:werkzeug:127.0.0.1 - - [06/Mar/2025 10:29:22] "GET /findAll HTTP/1.1" 200 -
DEBUG:api:No items found
INFO:werkzeug:127.0.0.1 - - [06/Mar/2025 10:29:23] "GET /findAll HTTP/1.1" 200 -
INFO:werkzeug: * Detected change in '/Users/thomas/Library/CloudStorage/OneDrive-SNHU/25SPDAY/CS340/CS340/src/app.py', reloading
INFO:werkzeug: * Restarting with stat
WARNING:werkzeug: * Debugger is active!
INFO:werkzeug: * Debugger PIN: 103-901-504
INFO:werkzeug:[31m[1mWARNING: This is a development server. Do not use it in a production deployment. Use a production WSGI server instead.[0m
 * Running on http://127.0.0.1:3000
INFO:werkzeug:[33mPress CTRL+C to quit[0m
INFO:werkzeug: * Restarting with stat
WARNING:werkzeug: * Debugger is active!
INFO:werkzeug: * Debugger PIN: 103-901-504
DEBUG:api:No items found
INFO:werkzeug:127.0.0.1 - - [06/Mar/2025 10:30:07] "GET /findAll HTTP/1.1" 200 -
DEBUG:api:No items found
INFO:werkzeug:127.0.0.1 - - [06/Mar/2025 10:30:07] "GET /findAll HTTP/1.1" 200 -
INFO:werkzeug: * Detected change in '/Users/thomas/Library/CloudStorage/OneDrive-SNHU/25SPDAY/CS340/CS340/src/app.py', reloading
INFO:werkzeug: * Restarting with stat
WARNING:werkzeug: * Debugger is active!
INFO:werkzeug: * Debugger PIN: 103-901-504
INFO:werkzeug: * Detected change in '/Users/thomas/Library/CloudStorage/OneDrive-SNHU/25SPDAY/CS340/CS340/src/app.py', reloading
INFO:werkzeug: * Restarting with stat
WARNING:werkzeug: * Debugger is active!
INFO:werkzeug: * Debugger PIN: 103-901-504
INFO:werkzeug: * Detected change in '/Users/thomas/Library/CloudStorage/OneDrive-SNHU/25SPDAY/CS340/CS340/src/app.py', reloading
INFO:werkzeug: * Restarting with stat
WARNING:werkzeug: * Debugger is active!
INFO:werkzeug: * Debugger PIN: 103-901-504
INFO:werkzeug:[31m[1mWARNING: This is a development server. Do not use it in a production deployment. Use a production WSGI server instead.[0m
 * Running on http://127.0.0.1:3000
INFO:werkzeug:[33mPress CTRL+C to quit[0m
INFO:werkzeug: * Restarting with stat
WARNING:werkzeug: * Debugger is active!
INFO:werkzeug: * Debugger PIN: 103-901-504
INFO:werkzeug:127.0.0.1 - - [06/Mar/2025 10:30:53] "GET /findAll HTTP/1.1" 200 -
INFO:werkzeug:127.0.0.1 - - [06/Mar/2025 10:30:53] "GET /findAll HTTP/1.1" 200 -
INFO:werkzeug:127.0.0.1 - - [06/Mar/2025 10:31:05] "GET /fuzzyfind?name=1&is_metric=True&size=2 HTTP/1.1" 200 -
INFO:werkzeug:127.0.0.1 - - [06/Mar/2025 10:31:17] "GET /fuzzyfind?name=1&is_metric=false&size=2 HTTP/1.1" 200 -
INFO:werkzeug:127.0.0.1 - - [06/Mar/2025 10:31:27] "GET /find?name=M5&is_metric=true&size=.5 HTTP/1.1" 200 -
INFO:werkzeug: * Detected change in '/Users/thomas/Library/CloudStorage/OneDrive-SNHU/25SPDAY/CS340/CS340/src/app.py', reloading
INFO:werkzeug: * Restarting with stat
WARNING:werkzeug: * Debugger is active!
INFO:werkzeug: * Debugger PIN: 103-901-504
INFO:werkzeug: * Detected change in '/Users/thomas/Library/CloudStorage/OneDrive-SNHU/25SPDAY/CS340/CS340/src/app.py', reloading
INFO:werkzeug: * Restarting with stat
WARNING:werkzeug: * Debugger is active!
INFO:werkzeug: * Debugger PIN: 103-901-504
INFO:werkzeug:127.0.0.1 - - [06/Mar/2025 10:34:02] "GET /fuzzyfind?name=M5&is_metric=true&size=.5 HTTP/1.1" 200 -
INFO:werkzeug:127.0.0.1 - - [06/Mar/2025 10:34:03] "GET /find?name=M5&is_metric=true&size=.5 HTTP/1.1" 200 -
INFO:werkzeug: * Detected change in '/Users/thomas/Library/CloudStorage/OneDrive-SNHU/25SPDAY/CS340/CS340/src/app.py', reloading
INFO:werkzeug: * Restarting with stat
WARNING:werkzeug: * Debugger is active!
INFO:werkzeug: * Debugger PIN: 103-901-504
INFO:werkzeug: * Detected change in '/Users/thomas/Library/CloudStorage/OneDrive-SNHU/25SPDAY/CS340/CS340/src/app.py', reloading
INFO:werkzeug: * Restarting with stat
WARNING:werkzeug: * Debugger is active!
INFO:werkzeug: * Debugger PIN: 103-901-504
INFO:werkzeug:127.0.0.1 - - [06/Mar/2025 10:34:23] "GET /find?name=M5&is_metric=true&size=.5 HTTP/1.1" 200 -
INFO:werkzeug: * Detected change in '/Users/thomas/Library/CloudStorage/OneDrive-SNHU/25SPDAY/CS340/CS340/src/app.py', reloading
INFO:werkzeug: * Restarting with stat
WARNING:werkzeug: * Debugger is active!
INFO:werkzeug: * Debugger PIN: 103-901-504
INFO:werkzeug:127.0.0.1 - - [06/Mar/2025 10:34:32] "GET /find?name=M5&is_metric=true&size=.5 HTTP/1.1" 200 -
INFO:werkzeug:127.0.0.1 - - [06/Mar/2025 10:34:32] "GET /find?name=M5&is_metric=true&size=.5 HTTP/1.1" 200 -
INFO:werkzeug: * Detected change in '/Users/thomas/Library/CloudStorage/OneDrive-SNHU/25SPDAY/CS340/CS340/src/app.py', reloading
INFO:werkzeug: * Restarting with stat
WARNING:werkzeug: * Debugger is active!
INFO:werkzeug: * Debugger PIN: 103-901-504
INFO:werkzeug:127.0.0.1 - - [06/Mar/2025 10:35:00] "GET /find?name=M5&is_metric=true&size=.5 HTTP/1.1" 200 -
INFO:werkzeug:127.0.0.1 - - [06/Mar/2025 10:35:06] "GET /fuzzyfind?name=M5&is_metric=false&size=.5 HTTP/1.1" 200 -
INFO:werkzeug:127.0.0.1 - - [06/Mar/2025 10:35:14] "GET /find?name=Tee%20Nut&is_metric=false&size=6/32 HTTP/1.1" 200 -
